KCPSM3 Assembler log file for program 'pracpico.psm'.
Generated by KCPSM3 version 1.30
Ken Chapman (Xilinx Ltd) 2005.
16Apr2020-13:32:26

 Addr Code

 000                                ;; Define constants for all the ascii values.
 000                                CONSTANT select, 80             ;
 000                                CONSTANT assembly_flag, 00
 000                                CONSTANT verilog_flag, 01
 000                                CONSTANT ascii_SPACE, 20        ; ascii code
 000                                CONSTANT ascii_EXCLAIM, 21      ; ascii code
 000                                CONSTANT ascii_DBLQUOT, 22      ; ascii code
 000                                CONSTANT ascii_NUMSIGN, 23      ; ascii code
 000                                CONSTANT ascii_DOLLAR, 24       ; ascii code
 000                                CONSTANT ascii_PERCENT, 25      ; ascii code
 000                                CONSTANT ascii_AMP, 26          ; ascii code
 000                                CONSTANT ascii_SINQUOT, 27      ; ascii code
 000                                CONSTANT ascii_LPAREN, 28       ; ascii code
 000                                CONSTANT ascii_RPAREN, 29       ; ascii code
 000                                CONSTANT ascii_ASTERISK, 2A     ; ascii code
 000                                CONSTANT ascii_PLUS, 2B         ; ascii code
 000                                CONSTANT ascii_COMMA, 2C        ; ascii code
 000                                CONSTANT ascii_MINUS, 2D        ; ascii code
 000                                CONSTANT ascii_PERIOD, 2E       ; ascii code
 000                                CONSTANT ascii_FWDSLASH, 2F     ; ascii code
 000                                CONSTANT ascii_0, 30            ; ascii code
 000                                CONSTANT ascii_1, 31            ; ascii code
 000                                CONSTANT ascii_2, 32            ; ascii code
 000                                CONSTANT ascii_3, 33            ; ascii code
 000                                CONSTANT ascii_4, 34            ; ascii code
 000                                CONSTANT ascii_5, 35            ; ascii code
 000                                CONSTANT ascii_6, 36            ; ascii code
 000                                CONSTANT ascii_7, 37            ; ascii code
 000                                CONSTANT ascii_8, 38            ; ascii code
 000                                CONSTANT ascii_9, 39            ; ascii code
 000                                CONSTANT ascii_COLON, 3A        ; ascii code
 000                                CONSTANT ascii_SEMI, 3B         ; ascii code
 000                                CONSTANT ascii_LESS, 3C         ; ascii code
 000                                CONSTANT ascii_EQUAL, 3D        ; ascii code
 000                                CONSTANT ascii_GREATER, 3E      ; ascii code
 000                                CONSTANT ascii_QUESTION, 3F     ; ascii code
 000                                CONSTANT ascii_CIRCAT, 40       ; ascii code
 000                                CONSTANT ascii_A, 41            ; ascii code
 000                                CONSTANT ascii_B, 42            ; ascii code
 000                                CONSTANT ascii_C, 43            ; ascii code
 000                                CONSTANT ascii_D, 44            ; ascii code
 000                                CONSTANT ascii_E, 45            ; ascii code
 000                                CONSTANT ascii_F, 46            ; ascii code
 000                                CONSTANT ascii_G, 47            ; ascii code
 000                                CONSTANT ascii_H, 48            ; ascii code
 000                                CONSTANT ascii_I, 49            ; ascii code
 000                                CONSTANT ascii_J, 4A            ; ascii code
 000                                CONSTANT ascii_K, 4B            ; ascii code
 000                                CONSTANT ascii_L, 4C            ; ascii code
 000                                CONSTANT ascii_M, 4D            ; ascii code
 000                                CONSTANT ascii_N, 4E            ; ascii code
 000                                CONSTANT ascii_O, 4F            ; ascii code
 000                                CONSTANT ascii_P, 50            ; ascii code
 000                                CONSTANT ascii_Q, 51            ; ascii code
 000                                CONSTANT ascii_R, 52            ; ascii code
 000                                CONSTANT ascii_S, 53            ; ascii code
 000                                CONSTANT ascii_T, 54            ; ascii code
 000                                CONSTANT ascii_U, 55            ; ascii code
 000                                CONSTANT ascii_V, 56            ; ascii code
 000                                CONSTANT ascii_W, 57            ; ascii code
 000                                CONSTANT ascii_X, 58            ; ascii code
 000                                CONSTANT ascii_Y, 59            ; ascii code
 000                                CONSTANT ascii_Z, 5A            ; ascii code
 000                                CONSTANT ascii_LBKT, 5B         ; ascii code
 000                                CONSTANT ascii_BKSLASH, 5C      ; ascii code
 000                                CONSTANT ascii_RBKT, 5D         ; ascii code
 000                                CONSTANT ascii_CARET, 5E        ; ascii code
 000                                CONSTANT ascii_DASH, 5F         ; ascii code
 000                                CONSTANT ascii_TICK, 60         ; ascii code
 000                                CONSTANT ascii_a, 61            ; ascii code
 000                                CONSTANT ascii_b, 62            ; ascii code
 000                                CONSTANT ascii_c, 63            ; ascii code
 000                                CONSTANT ascii_d, 64            ; ascii code
 000                                CONSTANT ascii_e, 65            ; ascii code
 000                                CONSTANT ascii_f, 66            ; ascii code
 000                                CONSTANT ascii_g, 67            ; ascii code
 000                                CONSTANT ascii_h, 68            ; ascii code
 000                                CONSTANT ascii_i, 69            ; ascii code
 000                                CONSTANT ascii_j, 6A            ; ascii code
 000                                CONSTANT ascii_k, 6B            ; ascii code
 000                                CONSTANT ascii_l, 6C            ; ascii code
 000                                CONSTANT ascii_m, 6D            ; ascii code
 000                                CONSTANT ascii_n, 6E            ; ascii code
 000                                CONSTANT ascii_o, 6F            ; ascii code
 000                                CONSTANT ascii_p, 70            ; ascii code
 000                                CONSTANT ascii_q, 71            ; ascii code
 000                                CONSTANT ascii_r, 72            ; ascii code
 000                                CONSTANT ascii_s, 73            ; ascii code
 000                                CONSTANT ascii_t, 74            ; ascii code
 000                                CONSTANT ascii_u, 75            ; ascii code
 000                                CONSTANT ascii_v, 76            ; ascii code
 000                                CONSTANT ascii_w, 77            ; ascii code
 000                                CONSTANT ascii_x, 78            ; ascii code
 000                                CONSTANT ascii_y, 79            ; ascii code
 000                                CONSTANT ascii_z, 7A            ; ascii code
 000                                CONSTANT ascii_LBRACE, 7B       ; ascii code
 000                                CONSTANT ascii_VBAR, 7C         ; ascii code
 000                                CONSTANT ascii_RBRACE, 7D       ; ascii code
 000                                CONSTANT ascii_TILDE, 7E        ; ascii code
 000                                CONSTANT ascii_ULINE, 7F        ; ascii code
 000                                ;; Define constants for all the phoneme values.
 000                                CONSTANT phoneme_PA1, 00        ; phoneme code
 000                                CONSTANT phoneme_PA2, 01        ; phoneme code
 000                                CONSTANT phoneme_PA3, 02        ; phoneme code
 000                                CONSTANT phoneme_PA4, 03        ; phoneme code
 000                                CONSTANT phoneme_PA5, 04        ; phoneme code
 000                                CONSTANT phoneme_OY, 05         ; phoneme code
 000                                CONSTANT phoneme_AY, 06         ; phoneme code
 000                                CONSTANT phoneme_EH, 07         ; phoneme code
 000                                CONSTANT phoneme_KK3, 08        ; phoneme code
 000                                CONSTANT phoneme_PP, 09         ; phoneme code
 000                                CONSTANT phoneme_JH, 0A         ; phoneme code
 000                                CONSTANT phoneme_NN1, 0B        ; phoneme code
 000                                CONSTANT phoneme_IH, 0C         ; phoneme code
 000                                CONSTANT phoneme_TT2, 0D        ; phoneme code
 000                                CONSTANT phoneme_RR1, 0E        ; phoneme code
 000                                CONSTANT phoneme_AX, 0F         ; phoneme code
 000                                CONSTANT phoneme_MM, 10         ; phoneme code
 000                                CONSTANT phoneme_TT1, 11        ; phoneme code
 000                                CONSTANT phoneme_DH1, 12        ; phoneme code
 000                                CONSTANT phoneme_IY, 13         ; phoneme code
 000                                CONSTANT phoneme_EY, 14         ; phoneme code
 000                                CONSTANT phoneme_DD1, 15        ; phoneme code
 000                                CONSTANT phoneme_UW1, 16        ; phoneme code
 000                                CONSTANT phoneme_AO, 17         ; phoneme code
 000                                CONSTANT phoneme_AA, 18         ; phoneme code
 000                                CONSTANT phoneme_YY2, 19        ; phoneme code
 000                                CONSTANT phoneme_AE, 1A         ; phoneme code
 000                                CONSTANT phoneme_HH1, 1B        ; phoneme code
 000                                CONSTANT phoneme_BB1, 1C        ; phoneme code
 000                                CONSTANT phoneme_TH, 1D         ; phoneme code
 000                                CONSTANT phoneme_UH, 1E         ; phoneme code
 000                                CONSTANT phoneme_UW2, 1F        ; phoneme code
 000                                CONSTANT phoneme_AW, 20         ; phoneme code
 000                                CONSTANT phoneme_DD2, 21        ; phoneme code
 000                                CONSTANT phoneme_GG3, 22        ; phoneme code
 000                                CONSTANT phoneme_VV, 23         ; phoneme code
 000                                CONSTANT phoneme_GG1, 24        ; phoneme code
 000                                CONSTANT phoneme_SH, 25         ; phoneme code
 000                                CONSTANT phoneme_ZH, 26         ; phoneme code
 000                                CONSTANT phoneme_RR2, 27        ; phoneme code
 000                                CONSTANT phoneme_FF, 28         ; phoneme code
 000                                CONSTANT phoneme_KK2, 29        ; phoneme code
 000                                CONSTANT phoneme_KK1, 2A        ; phoneme code
 000                                CONSTANT phoneme_ZZ, 2B         ; phoneme code
 000                                CONSTANT phoneme_NG, 2C         ; phoneme code
 000                                CONSTANT phoneme_LL, 2D         ; phoneme code
 000                                CONSTANT phoneme_WW, 2E         ; phoneme code
 000                                CONSTANT phoneme_XR, 2F         ; phoneme code
 000                                CONSTANT phoneme_WH, 30         ; phoneme code
 000                                CONSTANT phoneme_YY1, 31        ; phoneme code
 000                                CONSTANT phoneme_CH, 32         ; phoneme code
 000                                CONSTANT phoneme_ER1, 33        ; phoneme code
 000                                CONSTANT phoneme_ER2, 34        ; phoneme code
 000                                CONSTANT phoneme_OW, 35         ; phoneme code
 000                                CONSTANT phoneme_DH2, 36        ; phoneme code
 000                                CONSTANT phoneme_SS, 37         ; phoneme code
 000                                CONSTANT phoneme_NN2, 38        ; phoneme code
 000                                CONSTANT phoneme_HH2, 39        ; phoneme code
 000                                CONSTANT phoneme_OR, 3A         ; phoneme code
 000                                CONSTANT phoneme_AR, 3B         ; phoneme code
 000                                CONSTANT phoneme_YR, 3C         ; phoneme code
 000                                CONSTANT phoneme_GG2, 3D        ; phoneme code
 000                                CONSTANT phoneme_EL, 3E         ; phoneme code
 000                                CONSTANT phoneme_BB2, 3F        ; phoneme code
 000                                ;;============================================================================
 000                                ;; Infinite loop.
 000                                ;;============================================================================
 000                    cold_start: 
 000  301DF                         CALL talkphonemePA6[1DF]
 001  301DF                         CALL talkphonemePA6[1DF]
 002  30066                         CALL talkword0[066]
 003  301DF                         CALL talkphonemePA6[1DF]
 004  3006B                         CALL talkword1[06B]
 005  301DF                         CALL talkphonemePA6[1DF]
 006  3006F                         CALL talkword2[06F]
 007  301DF                         CALL talkphonemePA6[1DF]
 008  30072                         CALL talkword3[072]
 009  301DF                         CALL talkphonemePA6[1DF]
 00A  30076                         CALL talkword4[076]
 00B  301DF                         CALL talkphonemePA6[1DF]
 00C  30079                         CALL talkword5[079]
 00D  301DF                         CALL talkphonemePA6[1DF]
 00E  3007D                         CALL talkword6[07D]
 00F  301DF                         CALL talkphonemePA6[1DF]
 010  30083                         CALL talkword7[083]
 011  301DF                         CALL talkphonemePA6[1DF]
 012  30089                         CALL talkword8[089]
 013  301DF                         CALL talkphonemePA6[1DF]
 014  3008C                         CALL talkword9[08C]
 015  301DF                         CALL talkphonemePA6[1DF]
 016  30090                         CALL talkword10[090]
 017  301DF                         CALL talkphonemePA6[1DF]
 018  30094                         CALL talkword11[094]
 019  301DF                         CALL talkphonemePA6[1DF]
 01A  3009B                         CALL talkword12[09B]
 01B  301DF                         CALL talkphonemePA6[1DF]
 01C  300A1                         CALL talkword13[0A1]
 01D  301DF                         CALL talkphonemePA6[1DF]
 01E  300A7                         CALL talkword14[0A7]
 01F  301DF                         CALL talkphonemePA6[1DF]
 020  300A9                         CALL talkword15[0A9]
 021  301DF                         CALL talkphonemePA6[1DF]
 022  300AD                         CALL talkword16[0AD]
 023  301DF                         CALL talkphonemePA6[1DF]
 024  300AF                         CALL talkword17[0AF]
 025  301DF                         CALL talkphonemePA6[1DF]
 026  300B1                         CALL talkword18[0B1]
 027  301DF                         CALL talkphonemePA6[1DF]
 028  300B3                         CALL talkword19[0B3]
 029  301DF                         CALL talkphonemePA6[1DF]
 02A  300B5                         CALL talkword20[0B5]
 02B  301DF                         CALL talkphonemePA6[1DF]
 02C  3013C                         CALL i_hate_covid_nineteen[13C]
 02D  301DF                         CALL talkphonemePA6[1DF]
 02E  34000                   loop: JUMP cold_start[000]            ; loop forever
 02F                                ;following words are not said, feel free to play with them for fun
 02F  301DF                         CALL talkphonemePA6[1DF]
 030  300BC                         CALL talkword30[0BC]
 031  301DF                         CALL talkphonemePA6[1DF]
 032  300BF                         CALL talkword40[0BF]
 033  301DF                         CALL talkphonemePA6[1DF]
 034  300C1                         CALL talkword50[0C1]
 035  301DF                         CALL talkphonemePA6[1DF]
 036  300C5                         CALL talkword60[0C5]
 037  301DF                         CALL talkphonemePA6[1DF]
 038  300C7                         CALL talkword70[0C7]
 039  301DF                         CALL talkphonemePA6[1DF]
 03A  300C9                         CALL talkword80[0C9]
 03B  301DF                         CALL talkphonemePA6[1DF]
 03C  300CB                         CALL talkword90[0CB]
 03D  301DF                         CALL talkphonemePA6[1DF]
 03E  300CD                         CALL talkwordhundred[0CD]
 03F  300D4                         CALL talkworddepth[0D4]
 040  301DF                         CALL talkphonemePA6[1DF]
 041  300DA                         CALL talkwordpoint[0DA]
 042  301DF                         CALL talkphonemePA6[1DF]
 043  300DE                         CALL talkwordanchor[0DE]
 044  301DF                         CALL talkphonemePA6[1DF]
 045  300E2                         CALL talkwordalarm[0E2]
 046  301DF                         CALL talkphonemePA6[1DF]
 047  300E7                         CALL talkwordon[0E7]
 048  301DF                         CALL talkphonemePA6[1DF]
 049  300EA                         CALL talkwordoff[0EA]
 04A  301DF                         CALL talkphonemePA6[1DF]
 04B  300EE                         CALL talkwordshallow[0EE]
 04C  301DF                         CALL talkphonemePA6[1DF]
 04D  300F3                         CALL talkwordand[0F3]
 04E  301DF                         CALL talkphonemePA6[1DF]
 04F  300F8                         CALL talkwordwatch[0F8]
 050  301DF                         CALL talkphonemePA6[1DF]
 051  3010E                         CALL talkwordgps[10E]
 052  301DF                         CALL talkphonemePA6[1DF]
 053  300FD                         CALL talkwordlimit[0FD]
 054  301DF                         CALL talkphonemePA6[1DF]
 055  30103                         CALL talkwordset[103]
 056  301DF                         CALL talkphonemePA6[1DF]
 057  30108                         CALL talkwordheading[108]
 058  301DF                         CALL talkphonemePA6[1DF]
 059  30116                         CALL talkwordno[116]
 05A  301DF                         CALL talkphonemePA6[1DF]
 05B  3011E                         CALL talkwordnorth[11E]
 05C  301DF                         CALL talkphonemePA6[1DF]
 05D  30122                         CALL talkwordsouth[122]
 05E  301DF                         CALL talkphonemePA6[1DF]
 05F  30128                         CALL talkwordeast[128]
 060  301DF                         CALL talkphonemePA6[1DF]
 061  3012D                         CALL talkwordwest[12D]
 062  301DF                         CALL talkphonemePA6[1DF]
 063  30133                         CALL talkwordposition[133]
 064  301DF                         CALL talkphonemePA6[1DF]
 065  34000                  loop2: JUMP cold_start[000]            ; loop forever
 066                                ;;============================================================================
 066                                ;; Test message and phoneme voicing subroutine.
 066                                ;;============================================================================
 066                     talkword0: 
 066  301D3                         CALL talkphonemeZZ[1D3]
 067  3017B                         CALL talkphonemeEH[17B]
 068  301B1                         CALL talkphonemeRR2[1B1]
 069  301A9                         CALL talkphonemeOW[1A9]
 06A  2A000                         RETURN
 06B                     talkword1: 
 06B  301C7                         CALL talkphonemeWW[1C7]
 06C  30163                         CALL talkphonemeAO[163]
 06D  301A3                         CALL talkphonemeNN1[1A3]
 06E  2A000                         RETURN
 06F                     talkword2: 
 06F  301BB                         CALL talkphonemeTT2[1BB]
 070  301C1                         CALL talkphonemeUW2[1C1]
 071  2A000                         RETURN
 072                     talkword3: 
 072  301B7                         CALL talkphonemeTH[1B7]
 073  301B1                         CALL talkphonemeRR2[1B1]
 074  30193                         CALL talkphonemeIY[193]
 075  2A000                         RETURN
 076                     talkword4: 
 076  30185                         CALL talkphonemeFF[185]
 077  301A7                         CALL talkphonemeOR[1A7]
 078  2A000                         RETURN
 079                     talkword5: 
 079  30185                         CALL talkphonemeFF[185]
 07A  3016B                         CALL talkphonemeAY[16B]
 07B  301C3                         CALL talkphonemeVV[1C3]
 07C  2A000                         RETURN
 07D                     talkword6: 
 07D  301B5                         CALL talkphonemeSS[1B5]
 07E  30191                         CALL talkphonemeIH[191]
 07F  30199                         CALL talkphonemeKK2[199]
 080  301B5                         CALL talkphonemeSS[1B5]
 081  301B5                         CALL talkphonemeSS[1B5]
 082  2A000                         RETURN
 083                     talkword7: 
 083  301B5                         CALL talkphonemeSS[1B5]
 084  3017B                         CALL talkphonemeEH[17B]
 085  301C3                         CALL talkphonemeVV[1C3]
 086  30169                         CALL talkphonemeAX[169]
 087  301A3                         CALL talkphonemeNN1[1A3]
 088  2A000                         RETURN
 089                     talkword8: 
 089  30183                         CALL talkphonemeEY[183]
 08A  301B9                         CALL talkphonemeTT1[1B9]
 08B  2A000                         RETURN
 08C                     talkword9: 
 08C  301A5                         CALL talkphonemeNN2[1A5]
 08D  3016B                         CALL talkphonemeAY[16B]
 08E  301A3                         CALL talkphonemeNN1[1A3]
 08F  2A000                         RETURN
 090                    talkword10: 
 090  301BB                         CALL talkphonemeTT2[1BB]
 091  3017B                         CALL talkphonemeEH[17B]
 092  301A3                         CALL talkphonemeNN1[1A3]
 093  2A000                         RETURN
 094                    talkword11: 
 094  30191                         CALL talkphonemeIH[191]
 095  3019D                         CALL talkphonemeLL[19D]
 096  3017B                         CALL talkphonemeEH[17B]
 097  301C3                         CALL talkphonemeVV[1C3]
 098  3017B                         CALL talkphonemeEH[17B]
 099  301A3                         CALL talkphonemeNN1[1A3]
 09A  2A000                         RETURN
 09B                    talkword12: 
 09B  301BB                         CALL talkphonemeTT2[1BB]
 09C  301C7                         CALL talkphonemeWW[1C7]
 09D  3017B                         CALL talkphonemeEH[17B]
 09E  3017D                         CALL talkphonemeEL[17D]
 09F  301C3                         CALL talkphonemeVV[1C3]
 0A0  2A000                         RETURN
 0A1                    talkword13: 
 0A1  301B7                         CALL talkphonemeTH[1B7]
 0A2  30181                         CALL talkphonemeER2[181]
 0A3                  talkwordteen: 
 0A3  301BB                         CALL talkphonemeTT2[1BB]
 0A4  30193                         CALL talkphonemeIY[193]
 0A5  301A3                         CALL talkphonemeNN1[1A3]
 0A6  2A000                         RETURN
 0A7                    talkword14: 
 0A7  30076                         CALL talkword4[076]
 0A8  340A3                         JUMP talkwordteen[0A3]
 0A9                    talkword15: 
 0A9  30185                         CALL talkphonemeFF[185]
 0AA  30191                         CALL talkphonemeIH[191]
 0AB  30185                         CALL talkphonemeFF[185]
 0AC  340A3                         JUMP talkwordteen[0A3]
 0AD                    talkword16: 
 0AD  3007D                         CALL talkword6[07D]
 0AE  340A3                         JUMP talkwordteen[0A3]
 0AF                    talkword17: 
 0AF  30083                         CALL talkword7[083]
 0B0  340A3                         JUMP talkwordteen[0A3]
 0B1                    talkword18: 
 0B1  30089                         CALL talkword8[089]
 0B2  340A3                         JUMP talkwordteen[0A3]
 0B3                    talkword19: 
 0B3  3008C                         CALL talkword9[08C]
 0B4  340A3                         JUMP talkwordteen[0A3]
 0B5                    talkword20: 
 0B5  301BB                         CALL talkphonemeTT2[1BB]
 0B6  301C7                         CALL talkphonemeWW[1C7]
 0B7  3017B                         CALL talkphonemeEH[17B]
 0B8  301A3                         CALL talkphonemeNN1[1A3]
 0B9                    talkwordty: 
 0B9  301BB                         CALL talkphonemeTT2[1BB]
 0BA  30193                         CALL talkphonemeIY[193]
 0BB  2A000                         RETURN
 0BC                    talkword30: 
 0BC  301B7                         CALL talkphonemeTH[1B7]
 0BD  3017F                         CALL talkphonemeER1[17F]
 0BE  340B9                         JUMP talkwordty[0B9]
 0BF                    talkword40: 
 0BF  30076                         CALL talkword4[076]
 0C0  340B9                         JUMP talkwordty[0B9]
 0C1                    talkword50: 
 0C1  30185                         CALL talkphonemeFF[185]
 0C2  30191                         CALL talkphonemeIH[191]
 0C3  30185                         CALL talkphonemeFF[185]
 0C4  340B9                         JUMP talkwordty[0B9]
 0C5                    talkword60: 
 0C5  3007D                         CALL talkword6[07D]
 0C6  340B9                         JUMP talkwordty[0B9]
 0C7                    talkword70: 
 0C7  30083                         CALL talkword7[083]
 0C8  340B9                         JUMP talkwordty[0B9]
 0C9                    talkword80: 
 0C9  30089                         CALL talkword8[089]
 0CA  340B9                         JUMP talkwordty[0B9]
 0CB                    talkword90: 
 0CB  3008C                         CALL talkword9[08C]
 0CC  340B9                         JUMP talkwordty[0B9]
 0CD               talkwordhundred: 
 0CD  3018F                         CALL talkphonemeHH2[18F]
 0CE  30169                         CALL talkphonemeAX[169]
 0CF  301A3                         CALL talkphonemeNN1[1A3]
 0D0  30175                         CALL talkphonemeDD2[175]
 0D1  301B1                         CALL talkphonemeRR2[1B1]
 0D2  30173                         CALL talkphonemeDD1[173]
 0D3  2A000                         RETURN
 0D4                 talkworddepth: 
 0D4  30175                         CALL talkphonemeDD2[175]
 0D5  3017B                         CALL talkphonemeEH[17B]
 0D6  3017B                         CALL talkphonemeEH[17B]
 0D7  301AD                         CALL talkphonemePP[1AD]
 0D8  301B7                         CALL talkphonemeTH[1B7]
 0D9  3413A                         JUMP endword[13A]
 0DA                 talkwordpoint: 
 0DA  301AD                         CALL talkphonemePP[1AD]
 0DB  301AB                         CALL talkphonemeOY[1AB]
 0DC  301B9                         CALL talkphonemeTT1[1B9]
 0DD  3413A                         JUMP endword[13A]
 0DE                talkwordanchor: 
 0DE  30183                         CALL talkphonemeEY[183]
 0DF  3019B                         CALL talkphonemeKK3[19B]
 0E0  30161                         CALL talkphonemeAE[161]
 0E1  3413A                         JUMP endword[13A]
 0E2                 talkwordalarm: 
 0E2  30161                         CALL talkphonemeAE[161]
 0E3  3019D                         CALL talkphonemeLL[19D]
 0E4  30165                         CALL talkphonemeAR[165]
 0E5  3019F                         CALL talkphonemeMM[19F]
 0E6  3413A                         JUMP endword[13A]
 0E7                    talkwordon: 
 0E7  30163                         CALL talkphonemeAO[163]
 0E8  301A1                         CALL talkphonemeNG[1A1]
 0E9  3413A                         JUMP endword[13A]
 0EA                   talkwordoff: 
 0EA  30163                         CALL talkphonemeAO[163]
 0EB  30185                         CALL talkphonemeFF[185]
 0EC  30185                         CALL talkphonemeFF[185]
 0ED  3413A                         JUMP endword[13A]
 0EE               talkwordshallow: 
 0EE  301B3                         CALL talkphonemeSH[1B3]
 0EF  30161                         CALL talkphonemeAE[161]
 0F0  3019D                         CALL talkphonemeLL[19D]
 0F1  301A9                         CALL talkphonemeOW[1A9]
 0F2  3413A                         JUMP endword[13A]
 0F3                   talkwordand: 
 0F3  30191                         CALL talkphonemeIH[191]
 0F4  30191                         CALL talkphonemeIH[191]
 0F5  301A3                         CALL talkphonemeNN1[1A3]
 0F6  30175                         CALL talkphonemeDD2[175]
 0F7  3413A                         JUMP endword[13A]
 0F8                 talkwordwatch: 
 0F8  301C7                         CALL talkphonemeWW[1C7]
 0F9  30163                         CALL talkphonemeAO[163]
 0FA  301B9                         CALL talkphonemeTT1[1B9]
 0FB  30171                         CALL talkphonemeCH[171]
 0FC  3413A                         JUMP endword[13A]
 0FD                 talkwordlimit: 
 0FD  3019D                         CALL talkphonemeLL[19D]
 0FE  30191                         CALL talkphonemeIH[191]
 0FF  3019F                         CALL talkphonemeMM[19F]
 100  30191                         CALL talkphonemeIH[191]
 101  301B9                         CALL talkphonemeTT1[1B9]
 102  3413A                         JUMP endword[13A]
 103                   talkwordset: 
 103  301B5                         CALL talkphonemeSS[1B5]
 104  301B5                         CALL talkphonemeSS[1B5]
 105  3017B                         CALL talkphonemeEH[17B]
 106  301BB                         CALL talkphonemeTT2[1BB]
 107  3413A                         JUMP endword[13A]
 108               talkwordheading: 
 108  3018D                         CALL talkphonemeHH1[18D]
 109  3017B                         CALL talkphonemeEH[17B]
 10A  30175                         CALL talkphonemeDD2[175]
 10B  30191                         CALL talkphonemeIH[191]
 10C  301A1                         CALL talkphonemeNG[1A1]
 10D  3413A                         JUMP endword[13A]
 10E                   talkwordgps: 
 10E  30195                         CALL talkphonemeJH[195]
 10F  30193                         CALL talkphonemeIY[193]
 110  301AD                         CALL talkphonemePP[1AD]
 111  30193                         CALL talkphonemeIY[193]
 112  3017B                         CALL talkphonemeEH[17B]
 113  301B5                         CALL talkphonemeSS[1B5]
 114  301B5                         CALL talkphonemeSS[1B5]
 115  3413A                         JUMP endword[13A]
 116                    talkwordno: 
 116  301A5                         CALL talkphonemeNN2[1A5]
 117  301A9                         CALL talkphonemeOW[1A9]
 118  3413A                         JUMP endword[13A]
 119                  talkworddata: 
 119  30175                         CALL talkphonemeDD2[175]
 11A  30183                         CALL talkphonemeEY[183]
 11B  301BB                         CALL talkphonemeTT2[1BB]
 11C  30169                         CALL talkphonemeAX[169]
 11D  3413A                         JUMP endword[13A]
 11E                 talkwordnorth: 
 11E  301A5                         CALL talkphonemeNN2[1A5]
 11F  301A7                         CALL talkphonemeOR[1A7]
 120  3018D                         CALL talkphonemeHH1[18D]
 121  3413A                         JUMP endword[13A]
 122                 talkwordsouth: 
 122  301B5                         CALL talkphonemeSS[1B5]
 123  301B5                         CALL talkphonemeSS[1B5]
 124  30167                         CALL talkphonemeAW[167]
 125  301B7                         CALL talkphonemeTH[1B7]
 126  301B7                         CALL talkphonemeTH[1B7]
 127  3413A                         JUMP endword[13A]
 128                  talkwordeast: 
 128  30193                         CALL talkphonemeIY[193]
 129  301B5                         CALL talkphonemeSS[1B5]
 12A  301B5                         CALL talkphonemeSS[1B5]
 12B  301BB                         CALL talkphonemeTT2[1BB]
 12C  3413A                         JUMP endword[13A]
 12D                  talkwordwest: 
 12D  301C7                         CALL talkphonemeWW[1C7]
 12E  3017B                         CALL talkphonemeEH[17B]
 12F  301B5                         CALL talkphonemeSS[1B5]
 130  301B5                         CALL talkphonemeSS[1B5]
 131  301BB                         CALL talkphonemeTT2[1BB]
 132  3413A                         JUMP endword[13A]
 133              talkwordposition: 
 133  301AD                         CALL talkphonemePP[1AD]
 134  30191                         CALL talkphonemeIH[191]
 135  301D3                         CALL talkphonemeZZ[1D3]
 136  30191                         CALL talkphonemeIH[191]
 137  301B3                         CALL talkphonemeSH[1B3]
 138  301A3                         CALL talkphonemeNN1[1A3]
 139  3413A                         JUMP endword[13A]
 13A                       endword: 
 13A  301DD                         CALL talkphonemePA5[1DD]
 13B  2A000                         RETURN
 13C         i_hate_covid_nineteen: 
 13C                                ;make sure to complete this subroutine so that the syntheizer says "I Hate COVID 19"
 13C  3015F                         CALL talkphonemeAA[15F]         ;I
 13D  3016B                         CALL talkphonemeAY[16B]
 13E  301D9                         CALL talkphonemePA3[1D9]
 13F  3018D                         CALL talkphonemeHH1[18D]        ;Hate
 140  30183                         CALL talkphonemeEY[183]
 141  301D7                         CALL talkphonemePA2[1D7]
 142  301BB                         CALL talkphonemeTT2[1BB]
 143  301D9                         CALL talkphonemePA3[1D9]
 144  3019B                         CALL talkphonemeKK3[19B]        ;Covid
 145  301C1                         CALL talkphonemeUW2[1C1]
 146  301D9                         CALL talkphonemePA3[1D9]
 147  301C3                         CALL talkphonemeVV[1C3]
 148  30191                         CALL talkphonemeIH[191]
 149  301D7                         CALL talkphonemePA2[1D7]
 14A  30175                         CALL talkphonemeDD2[175]
 14B  301D9                         CALL talkphonemePA3[1D9]
 14C  301A3                         CALL talkphonemeNN1[1A3]        ;  Nineteen
 14D  3016B                         CALL talkphonemeAY[16B]
 14E  301A3                         CALL talkphonemeNN1[1A3]
 14F  301D7                         CALL talkphonemePA2[1D7]
 150  301D9                         CALL talkphonemePA3[1D9]
 151  301BB                         CALL talkphonemeTT2[1BB]
 152  30193                         CALL talkphonemeIY[193]
 153  301A3                         CALL talkphonemeNN1[1A3]
 154  301D9                         CALL talkphonemePA3[1D9]
 155                                ;JUMP endword
 155  2A000                         RETURN
 156                   say_phoneme: 
 156                                ;make sure  to complete this subroutine in order for the synthesizer to work
 156  00201                         LOAD s2, 01
 157  04100                         INPUT s1, assembly_flag[00]
 158  14101                         COMPARE s1, 01
 159  35556                         JUMP NZ, say_phoneme[156]
 15A  2C080                         OUTPUT s0, select[80]
 15B  2C201                         OUTPUT s2, verilog_flag[01]
 15C  00200                         LOAD s2, 00
 15D  2C201                         OUTPUT s2, verilog_flag[01]
 15E  2A000                         RETURN
 15F                 talkphonemeAA: ; hOt
 15F  00018                         LOAD s0, phoneme_AA[18]         ; can be doubled
 160  34156                         JUMP say_phoneme[156]
 161                 talkphonemeAE: ; hAt
 161  0001A                         LOAD s0, phoneme_AE[1A]         ; can be doubled
 162  34156                         JUMP say_phoneme[156]
 163                 talkphonemeAO: ; AUght
 163  00017                         LOAD s0, phoneme_AO[17]         ; can be doubled
 164  34156                         JUMP say_phoneme[156]
 165                 talkphonemeAR: ; alARm
 165  0003B                         LOAD s0, phoneme_AR[3B]
 166  34156                         JUMP say_phoneme[156]
 167                 talkphonemeAW: ; dOWn
 167  00020                         LOAD s0, phoneme_AW[20]
 168  34156                         JUMP say_phoneme[156]
 169                 talkphonemeAX: ; sUceed
 169  0000F                         LOAD s0, phoneme_AX[0F]         ; can be doubled
 16A  34156                         JUMP say_phoneme[156]
 16B                 talkphonemeAY: ; kIte
 16B  00006                         LOAD s0, phoneme_AY[06]
 16C  34156                         JUMP say_phoneme[156]
 16D                talkphonemeBB1: ; riB
 16D  0001C                         LOAD s0, phoneme_BB1[1C]        ; usually preceed with 10-30 mS silence
 16E  34156                         JUMP say_phoneme[156]
 16F                talkphonemeBB2: ; Beast
 16F  0003F                         LOAD s0, phoneme_BB2[3F]        ; usually preceed with 10-30 mS silence
 170  34156                         JUMP say_phoneme[156]
 171                 talkphonemeCH: ; CHurCH
 171  00032                         LOAD s0, phoneme_CH[32]
 172  34156                         JUMP say_phoneme[156]
 173                talkphonemeDD1: ; enD
 173  00015                         LOAD s0, phoneme_DD1[15]        ; usually preceed with 10-30 mS silence
 174  34156                         JUMP say_phoneme[156]
 175                talkphonemeDD2: ; Down
 175  00021                         LOAD s0, phoneme_DD2[21]        ; usually preceed with 10-30 mS silence
 176  34156                         JUMP say_phoneme[156]
 177                talkphonemeDH1: ; THis
 177  00012                         LOAD s0, phoneme_DH1[12]
 178  34156                         JUMP say_phoneme[156]
 179                talkphonemeDH2: ; baTHe
 179  00036                         LOAD s0, phoneme_DH2[36]
 17A  34156                         JUMP say_phoneme[156]
 17B                 talkphonemeEH: ; End
 17B  00007                         LOAD s0, phoneme_EH[07]         ; can be doubled
 17C  34156                         JUMP say_phoneme[156]
 17D                 talkphonemeEL: ; angLE
 17D  0003E                         LOAD s0, phoneme_EL[3E]
 17E  34156                         JUMP say_phoneme[156]
 17F                talkphonemeER1: ; lettER
 17F  00033                         LOAD s0, phoneme_ER1[33]
 180  34156                         JUMP say_phoneme[156]
 181                talkphonemeER2: ; fERn
 181  00034                         LOAD s0, phoneme_ER2[34]
 182  34156                         JUMP say_phoneme[156]
 183                 talkphonemeEY: ; trAY
 183  00014                         LOAD s0, phoneme_EY[14]
 184  34156                         JUMP say_phoneme[156]
 185                 talkphonemeFF: ; Food
 185  00028                         LOAD s0, phoneme_FF[28]         ; usually double for initial
 186  34156                         JUMP say_phoneme[156]
 187                talkphonemeGG1: ; Guest
 187  00024                         LOAD s0, phoneme_GG1[24]        ; usually preceed with 10-30 mS silence
 188  34156                         JUMP say_phoneme[156]
 189                talkphonemeGG2: ; Got
 189  0003D                         LOAD s0, phoneme_GG2[3D]        ; usually preceed with 10-30 mS silence
 18A  34156                         JUMP say_phoneme[156]
 18B                talkphonemeGG3: ; peG
 18B  00022                         LOAD s0, phoneme_GG3[22]        ; usually preceed with 10-30 mS silence
 18C  34156                         JUMP say_phoneme[156]
 18D                talkphonemeHH1: ; He
 18D  0001B                         LOAD s0, phoneme_HH1[1B]        ; usually double for initial
 18E  34156                         JUMP say_phoneme[156]
 18F                talkphonemeHH2: ; Hoe
 18F  00039                         LOAD s0, phoneme_HH2[39]        ; usually double for initial
 190  34156                         JUMP say_phoneme[156]
 191                 talkphonemeIH: ; sIt
 191  0000C                         LOAD s0, phoneme_IH[0C]         ; can be doubled
 192  34156                         JUMP say_phoneme[156]
 193                 talkphonemeIY: ; sEE
 193  00013                         LOAD s0, phoneme_IY[13]
 194  34156                         JUMP say_phoneme[156]
 195                 talkphonemeJH: ; JudGe
 195  0000A                         LOAD s0, phoneme_JH[0A]
 196  34156                         JUMP say_phoneme[156]
 197                talkphonemeKK1: ; Can't
 197  0002A                         LOAD s0, phoneme_KK1[2A]        ; usually preceed with 50-80 mS silence
 198  34156                         JUMP say_phoneme[156]
 199                talkphonemeKK2: ; speaK
 199  00029                         LOAD s0, phoneme_KK2[29]        ; usually preceed with 50-80 mS silence
 19A  34156                         JUMP say_phoneme[156]
 19B                talkphonemeKK3: ; Crane
 19B  00008                         LOAD s0, phoneme_KK3[08]        ; usually preceed with 50-80 mS silence
 19C  34156                         JUMP say_phoneme[156]
 19D                 talkphonemeLL: ; Like
 19D  0002D                         LOAD s0, phoneme_LL[2D]
 19E  34156                         JUMP say_phoneme[156]
 19F                 talkphonemeMM: ; Milk
 19F  00010                         LOAD s0, phoneme_MM[10]
 1A0  34156                         JUMP say_phoneme[156]
 1A1                 talkphonemeNG: ; aNGer
 1A1  0002C                         LOAD s0, phoneme_NG[2C]
 1A2  34156                         JUMP say_phoneme[156]
 1A3                talkphonemeNN1: ; thiN
 1A3  0000B                         LOAD s0, phoneme_NN1[0B]
 1A4  34156                         JUMP say_phoneme[156]
 1A5                talkphonemeNN2: ; No
 1A5  00038                         LOAD s0, phoneme_NN2[38]
 1A6  34156                         JUMP say_phoneme[156]
 1A7                 talkphonemeOR: ; fORtune
 1A7  0003A                         LOAD s0, phoneme_OR[3A]
 1A8  34156                         JUMP say_phoneme[156]
 1A9                 talkphonemeOW: ; zOne
 1A9  00035                         LOAD s0, phoneme_OW[35]
 1AA  34156                         JUMP say_phoneme[156]
 1AB                 talkphonemeOY: ; vOIce
 1AB  00005                         LOAD s0, phoneme_OY[05]
 1AC  34156                         JUMP say_phoneme[156]
 1AD                 talkphonemePP: ; Pow
 1AD  00009                         LOAD s0, phoneme_PP[09]         ; usually preceed with 50-80 mS silence
 1AE  34156                         JUMP say_phoneme[156]
 1AF                talkphonemeRR1: ; Read
 1AF  0000E                         LOAD s0, phoneme_RR1[0E]
 1B0  34156                         JUMP say_phoneme[156]
 1B1                talkphonemeRR2: ; cRane
 1B1  00027                         LOAD s0, phoneme_RR2[27]
 1B2  34156                         JUMP say_phoneme[156]
 1B3                 talkphonemeSH: ; SHip
 1B3  00025                         LOAD s0, phoneme_SH[25]         ; usually double for initial
 1B4  34156                         JUMP say_phoneme[156]
 1B5                 talkphonemeSS: ; veSt
 1B5  00037                         LOAD s0, phoneme_SS[37]         ; usually double for initial
 1B6  34156                         JUMP say_phoneme[156]
 1B7                 talkphonemeTH: ; THin
 1B7  0001D                         LOAD s0, phoneme_TH[1D]         ; usually double for initial
 1B8  34156                         JUMP say_phoneme[156]
 1B9                talkphonemeTT1: ; parTs
 1B9  00011                         LOAD s0, phoneme_TT1[11]        ; usually preceed with 50-80 mS silence
 1BA  34156                         JUMP say_phoneme[156]
 1BB                talkphonemeTT2: ; To
 1BB  0000D                         LOAD s0, phoneme_TT2[0D]        ; usually preceed with 50-80 mS silence
 1BC  34156                         JUMP say_phoneme[156]
 1BD                 talkphonemeUH: ; bOOk
 1BD  0001E                         LOAD s0, phoneme_UH[1E]         ; may be doubled
 1BE  34156                         JUMP say_phoneme[156]
 1BF                talkphonemeUW1: ; tO
 1BF  00016                         LOAD s0, phoneme_UW1[16]
 1C0  34156                         JUMP say_phoneme[156]
 1C1                talkphonemeUW2: ; fOOd
 1C1  0001F                         LOAD s0, phoneme_UW2[1F]
 1C2  34156                         JUMP say_phoneme[156]
 1C3                 talkphonemeVV: ; Vest
 1C3  00023                         LOAD s0, phoneme_VV[23]
 1C4  34156                         JUMP say_phoneme[156]
 1C5                 talkphonemeWH: ; WHig
 1C5  00030                         LOAD s0, phoneme_WH[30]         ; usually double for initial
 1C6  34156                         JUMP say_phoneme[156]
 1C7                 talkphonemeWW: ; We
 1C7  0002E                         LOAD s0, phoneme_WW[2E]
 1C8  34156                         JUMP say_phoneme[156]
 1C9                 talkphonemeXR: ; stARs
 1C9  0002F                         LOAD s0, phoneme_XR[2F]
 1CA  34156                         JUMP say_phoneme[156]
 1CB                 talkphonemeYR: ; hEAr
 1CB  0003C                         LOAD s0, phoneme_YR[3C]
 1CC  34156                         JUMP say_phoneme[156]
 1CD                talkphonemeYY1: ; cUte
 1CD  00031                         LOAD s0, phoneme_YY1[31]
 1CE  34156                         JUMP say_phoneme[156]
 1CF                talkphonemeYY2: ; Yes
 1CF  00019                         LOAD s0, phoneme_YY2[19]
 1D0  34156                         JUMP say_phoneme[156]
 1D1                 talkphonemeZH: ; pleaSure
 1D1  00026                         LOAD s0, phoneme_ZH[26]
 1D2  34156                         JUMP say_phoneme[156]
 1D3                 talkphonemeZZ: ; Zoo
 1D3  0002B                         LOAD s0, phoneme_ZZ[2B]
 1D4  34156                         JUMP say_phoneme[156]
 1D5                talkphonemePA1: ; 10 mS silence
 1D5  00000                         LOAD s0, phoneme_PA1[00]
 1D6  34156                         JUMP say_phoneme[156]
 1D7                talkphonemePA2: ; 30 mS silence
 1D7  00001                         LOAD s0, phoneme_PA2[01]
 1D8  34156                         JUMP say_phoneme[156]
 1D9                talkphonemePA3: ; 50 mS silence
 1D9  00002                         LOAD s0, phoneme_PA3[02]
 1DA  34156                         JUMP say_phoneme[156]
 1DB                talkphonemePA4: ; 100 mS silence
 1DB  00003                         LOAD s0, phoneme_PA4[03]
 1DC  34156                         JUMP say_phoneme[156]
 1DD                talkphonemePA5: ; 200 mS silence
 1DD  00004                         LOAD s0, phoneme_PA5[04]
 1DE  34156                         JUMP say_phoneme[156]
 1DF                talkphonemePA6: ; 500 mS silence
 1DF  301DD                         CALL talkphonemePA5[1DD]
 1E0  301DD                         CALL talkphonemePA5[1DD]
 1E1  301DB                         CALL talkphonemePA4[1DB]
 1E2  34156                         JUMP say_phoneme[156]
