KCPSM3 Assembler log file for program 'speech.psm'.
Generated by KCPSM3 version 1.30
Ken Chapman (Xilinx Ltd) 2005.
11Apr2020-11:40:16

 Addr Code

 000                                ;; Define constants for all the ascii values.
 000                                CONSTANT select, 80
 000                                CONSTANT ascii_SPACE, 20        ; ascii code
 000                                CONSTANT ascii_EXCLAIM, 21      ; ascii code
 000                                CONSTANT ascii_DBLQUOT, 22      ; ascii code
 000                                CONSTANT ascii_NUMSIGN, 23      ; ascii code
 000                                CONSTANT ascii_DOLLAR, 24       ; ascii code
 000                                CONSTANT ascii_PERCENT, 25      ; ascii code
 000                                CONSTANT ascii_AMP, 26          ; ascii code
 000                                CONSTANT ascii_SINQUOT, 27      ; ascii code
 000                                CONSTANT ascii_LPAREN, 28       ; ascii code
 000                                CONSTANT ascii_RPAREN, 29       ; ascii code
 000                                CONSTANT ascii_ASTERISK, 2A     ; ascii code
 000                                CONSTANT ascii_PLUS, 2B         ; ascii code
 000                                CONSTANT ascii_COMMA, 2C        ; ascii code
 000                                CONSTANT ascii_MINUS, 2D        ; ascii code
 000                                CONSTANT ascii_PERIOD, 2E       ; ascii code
 000                                CONSTANT ascii_FWDSLASH, 2F     ; ascii code
 000                                CONSTANT ascii_0, 30            ; ascii code
 000                                CONSTANT ascii_1, 31            ; ascii code
 000                                CONSTANT ascii_2, 32            ; ascii code
 000                                CONSTANT ascii_3, 33            ; ascii code
 000                                CONSTANT ascii_4, 34            ; ascii code
 000                                CONSTANT ascii_5, 35            ; ascii code
 000                                CONSTANT ascii_6, 36            ; ascii code
 000                                CONSTANT ascii_7, 37            ; ascii code
 000                                CONSTANT ascii_8, 38            ; ascii code
 000                                CONSTANT ascii_9, 39            ; ascii code
 000                                CONSTANT ascii_COLON, 3A        ; ascii code
 000                                CONSTANT ascii_SEMI, 3B         ; ascii code
 000                                CONSTANT ascii_LESS, 3C         ; ascii code
 000                                CONSTANT ascii_EQUAL, 3D        ; ascii code
 000                                CONSTANT ascii_GREATER, 3E      ; ascii code
 000                                CONSTANT ascii_QUESTION, 3F     ; ascii code
 000                                CONSTANT ascii_CIRCAT, 40       ; ascii code
 000                                CONSTANT ascii_A, 41            ; ascii code
 000                                CONSTANT ascii_B, 42            ; ascii code
 000                                CONSTANT ascii_C, 43            ; ascii code
 000                                CONSTANT ascii_D, 44            ; ascii code
 000                                CONSTANT ascii_E, 45            ; ascii code
 000                                CONSTANT ascii_F, 46            ; ascii code
 000                                CONSTANT ascii_G, 47            ; ascii code
 000                                CONSTANT ascii_H, 48            ; ascii code
 000                                CONSTANT ascii_I, 49            ; ascii code
 000                                CONSTANT ascii_J, 4A            ; ascii code
 000                                CONSTANT ascii_K, 4B            ; ascii code
 000                                CONSTANT ascii_L, 4C            ; ascii code
 000                                CONSTANT ascii_M, 4D            ; ascii code
 000                                CONSTANT ascii_N, 4E            ; ascii code
 000                                CONSTANT ascii_O, 4F            ; ascii code
 000                                CONSTANT ascii_P, 50            ; ascii code
 000                                CONSTANT ascii_Q, 51            ; ascii code
 000                                CONSTANT ascii_R, 52            ; ascii code
 000                                CONSTANT ascii_S, 53            ; ascii code
 000                                CONSTANT ascii_T, 54            ; ascii code
 000                                CONSTANT ascii_U, 55            ; ascii code
 000                                CONSTANT ascii_V, 56            ; ascii code
 000                                CONSTANT ascii_W, 57            ; ascii code
 000                                CONSTANT ascii_X, 58            ; ascii code
 000                                CONSTANT ascii_Y, 59            ; ascii code
 000                                CONSTANT ascii_Z, 5A            ; ascii code
 000                                CONSTANT ascii_LBKT, 5B         ; ascii code
 000                                CONSTANT ascii_BKSLASH, 5C      ; ascii code
 000                                CONSTANT ascii_RBKT, 5D         ; ascii code
 000                                CONSTANT ascii_CARET, 5E        ; ascii code
 000                                CONSTANT ascii_DASH, 5F         ; ascii code
 000                                CONSTANT ascii_TICK, 60         ; ascii code
 000                                CONSTANT ascii_a, 61            ; ascii code
 000                                CONSTANT ascii_b, 62            ; ascii code
 000                                CONSTANT ascii_c, 63            ; ascii code
 000                                CONSTANT ascii_d, 64            ; ascii code
 000                                CONSTANT ascii_e, 65            ; ascii code
 000                                CONSTANT ascii_f, 66            ; ascii code
 000                                CONSTANT ascii_g, 67            ; ascii code
 000                                CONSTANT ascii_h, 68            ; ascii code
 000                                CONSTANT ascii_i, 69            ; ascii code
 000                                CONSTANT ascii_j, 6A            ; ascii code
 000                                CONSTANT ascii_k, 6B            ; ascii code
 000                                CONSTANT ascii_l, 6C            ; ascii code
 000                                CONSTANT ascii_m, 6D            ; ascii code
 000                                CONSTANT ascii_n, 6E            ; ascii code
 000                                CONSTANT ascii_o, 6F            ; ascii code
 000                                CONSTANT ascii_p, 70            ; ascii code
 000                                CONSTANT ascii_q, 71            ; ascii code
 000                                CONSTANT ascii_r, 72            ; ascii code
 000                                CONSTANT ascii_s, 73            ; ascii code
 000                                CONSTANT ascii_t, 74            ; ascii code
 000                                CONSTANT ascii_u, 75            ; ascii code
 000                                CONSTANT ascii_v, 76            ; ascii code
 000                                CONSTANT ascii_w, 77            ; ascii code
 000                                CONSTANT ascii_x, 78            ; ascii code
 000                                CONSTANT ascii_y, 79            ; ascii code
 000                                CONSTANT ascii_z, 7A            ; ascii code
 000                                CONSTANT ascii_LBRACE, 7B       ; ascii code
 000                                CONSTANT ascii_VBAR, 7C         ; ascii code
 000                                CONSTANT ascii_RBRACE, 7D       ; ascii code
 000                                CONSTANT ascii_TILDE, 7E        ; ascii code
 000                                CONSTANT ascii_ULINE, 7F        ; ascii code
 000                                ;; Define constants for all the phoneme values.
 000                                CONSTANT phoneme_PA1, 00        ; phoneme code
 000                                CONSTANT phoneme_PA2, 01        ; phoneme code
 000                                CONSTANT phoneme_PA3, 02        ; phoneme code
 000                                CONSTANT phoneme_PA4, 03        ; phoneme code
 000                                CONSTANT phoneme_PA5, 04        ; phoneme code
 000                                CONSTANT phoneme_OY, 05         ; phoneme code
 000                                CONSTANT phoneme_AY, 06         ; phoneme code
 000                                CONSTANT phoneme_EH, 07         ; phoneme code
 000                                CONSTANT phoneme_KK3, 08        ; phoneme code
 000                                CONSTANT phoneme_PP, 09         ; phoneme code
 000                                CONSTANT phoneme_JH, 0A         ; phoneme code
 000                                CONSTANT phoneme_NN1, 0B        ; phoneme code
 000                                CONSTANT phoneme_IH, 0C         ; phoneme code
 000                                CONSTANT phoneme_TT2, 0D        ; phoneme code
 000                                CONSTANT phoneme_RR1, 0E        ; phoneme code
 000                                CONSTANT phoneme_AX, 0F         ; phoneme code
 000                                CONSTANT phoneme_MM, 10         ; phoneme code
 000                                CONSTANT phoneme_TT1, 11        ; phoneme code
 000                                CONSTANT phoneme_DH1, 12        ; phoneme code
 000                                CONSTANT phoneme_IY, 13         ; phoneme code
 000                                CONSTANT phoneme_EY, 14         ; phoneme code
 000                                CONSTANT phoneme_DD1, 15        ; phoneme code
 000                                CONSTANT phoneme_UW1, 16        ; phoneme code
 000                                CONSTANT phoneme_AO, 17         ; phoneme code
 000                                CONSTANT phoneme_AA, 18         ; phoneme code
 000                                CONSTANT phoneme_YY2, 19        ; phoneme code
 000                                CONSTANT phoneme_AE, 1A         ; phoneme code
 000                                CONSTANT phoneme_HH1, 1B        ; phoneme code
 000                                CONSTANT phoneme_BB1, 1C        ; phoneme code
 000                                CONSTANT phoneme_TH, 1D         ; phoneme code
 000                                CONSTANT phoneme_UH, 1E         ; phoneme code
 000                                CONSTANT phoneme_UW2, 1F        ; phoneme code
 000                                CONSTANT phoneme_AW, 20         ; phoneme code
 000                                CONSTANT phoneme_DD2, 21        ; phoneme code
 000                                CONSTANT phoneme_GG3, 22        ; phoneme code
 000                                CONSTANT phoneme_VV, 23         ; phoneme code
 000                                CONSTANT phoneme_GG1, 24        ; phoneme code
 000                                CONSTANT phoneme_SH, 25         ; phoneme code
 000                                CONSTANT phoneme_ZH, 26         ; phoneme code
 000                                CONSTANT phoneme_RR2, 27        ; phoneme code
 000                                CONSTANT phoneme_FF, 28         ; phoneme code
 000                                CONSTANT phoneme_KK2, 29        ; phoneme code
 000                                CONSTANT phoneme_KK1, 2A        ; phoneme code
 000                                CONSTANT phoneme_ZZ, 2B         ; phoneme code
 000                                CONSTANT phoneme_NG, 2C         ; phoneme code
 000                                CONSTANT phoneme_LL, 2D         ; phoneme code
 000                                CONSTANT phoneme_WW, 2E         ; phoneme code
 000                                CONSTANT phoneme_XR, 2F         ; phoneme code
 000                                CONSTANT phoneme_WH, 30         ; phoneme code
 000                                CONSTANT phoneme_YY1, 31        ; phoneme code
 000                                CONSTANT phoneme_CH, 32         ; phoneme code
 000                                CONSTANT phoneme_ER1, 33        ; phoneme code
 000                                CONSTANT phoneme_ER2, 34        ; phoneme code
 000                                CONSTANT phoneme_OW, 35         ; phoneme code
 000                                CONSTANT phoneme_DH2, 36        ; phoneme code
 000                                CONSTANT phoneme_SS, 37         ; phoneme code
 000                                CONSTANT phoneme_NN2, 38        ; phoneme code
 000                                CONSTANT phoneme_HH2, 39        ; phoneme code
 000                                CONSTANT phoneme_OR, 3A         ; phoneme code
 000                                CONSTANT phoneme_AR, 3B         ; phoneme code
 000                                CONSTANT phoneme_YR, 3C         ; phoneme code
 000                                CONSTANT phoneme_GG2, 3D        ; phoneme code
 000                                CONSTANT phoneme_EL, 3E         ; phoneme code
 000                                CONSTANT phoneme_BB2, 3F        ; phoneme code
 000                                ;;============================================================================
 000                                ;; Infinite loop.
 000                                ;;============================================================================
 000                    cold_start: 
 000  301D9                         CALL talkphonemePA6[1D9]
 001  301D9                         CALL talkphonemePA6[1D9]
 002  30066                         CALL talkword0[066]
 003  301D9                         CALL talkphonemePA6[1D9]
 004  3006B                         CALL talkword1[06B]
 005  301D9                         CALL talkphonemePA6[1D9]
 006  3006F                         CALL talkword2[06F]
 007  301D9                         CALL talkphonemePA6[1D9]
 008  30072                         CALL talkword3[072]
 009  301D9                         CALL talkphonemePA6[1D9]
 00A  30076                         CALL talkword4[076]
 00B  301D9                         CALL talkphonemePA6[1D9]
 00C  30079                         CALL talkword5[079]
 00D  301D9                         CALL talkphonemePA6[1D9]
 00E  3007D                         CALL talkword6[07D]
 00F  301D9                         CALL talkphonemePA6[1D9]
 010  30083                         CALL talkword7[083]
 011  301D9                         CALL talkphonemePA6[1D9]
 012  30089                         CALL talkword8[089]
 013  301D9                         CALL talkphonemePA6[1D9]
 014  3008C                         CALL talkword9[08C]
 015  301D9                         CALL talkphonemePA6[1D9]
 016  30090                         CALL talkword10[090]
 017  301D9                         CALL talkphonemePA6[1D9]
 018  30094                         CALL talkword11[094]
 019  301D9                         CALL talkphonemePA6[1D9]
 01A  3009B                         CALL talkword12[09B]
 01B  301D9                         CALL talkphonemePA6[1D9]
 01C  300A1                         CALL talkword13[0A1]
 01D  301D9                         CALL talkphonemePA6[1D9]
 01E  300A7                         CALL talkword14[0A7]
 01F  301D9                         CALL talkphonemePA6[1D9]
 020  300A9                         CALL talkword15[0A9]
 021  301D9                         CALL talkphonemePA6[1D9]
 022  300AD                         CALL talkword16[0AD]
 023  301D9                         CALL talkphonemePA6[1D9]
 024  300AF                         CALL talkword17[0AF]
 025  301D9                         CALL talkphonemePA6[1D9]
 026  300B1                         CALL talkword18[0B1]
 027  301D9                         CALL talkphonemePA6[1D9]
 028  300B3                         CALL talkword19[0B3]
 029  301D9                         CALL talkphonemePA6[1D9]
 02A  300B5                         CALL talkword20[0B5]
 02B  301D9                         CALL talkphonemePA6[1D9]
 02C  3013C                         CALL i_hate_covid_nineteen[13C]
 02D  301D9                         CALL talkphonemePA6[1D9]
 02E  34000                   loop: JUMP cold_start[000]            ; loop forever
 02F                                ;following words are not said, feel free to play with them for fun
 02F  301D9                         CALL talkphonemePA6[1D9]
 030  300BC                         CALL talkword30[0BC]
 031  301D9                         CALL talkphonemePA6[1D9]
 032  300BF                         CALL talkword40[0BF]
 033  301D9                         CALL talkphonemePA6[1D9]
 034  300C1                         CALL talkword50[0C1]
 035  301D9                         CALL talkphonemePA6[1D9]
 036  300C5                         CALL talkword60[0C5]
 037  301D9                         CALL talkphonemePA6[1D9]
 038  300C7                         CALL talkword70[0C7]
 039  301D9                         CALL talkphonemePA6[1D9]
 03A  300C9                         CALL talkword80[0C9]
 03B  301D9                         CALL talkphonemePA6[1D9]
 03C  300CB                         CALL talkword90[0CB]
 03D  301D9                         CALL talkphonemePA6[1D9]
 03E  300CD                         CALL talkwordhundred[0CD]
 03F  300D4                         CALL talkworddepth[0D4]
 040  301D9                         CALL talkphonemePA6[1D9]
 041  300DA                         CALL talkwordpoint[0DA]
 042  301D9                         CALL talkphonemePA6[1D9]
 043  300DE                         CALL talkwordanchor[0DE]
 044  301D9                         CALL talkphonemePA6[1D9]
 045  300E2                         CALL talkwordalarm[0E2]
 046  301D9                         CALL talkphonemePA6[1D9]
 047  300E7                         CALL talkwordon[0E7]
 048  301D9                         CALL talkphonemePA6[1D9]
 049  300EA                         CALL talkwordoff[0EA]
 04A  301D9                         CALL talkphonemePA6[1D9]
 04B  300EE                         CALL talkwordshallow[0EE]
 04C  301D9                         CALL talkphonemePA6[1D9]
 04D  300F3                         CALL talkwordand[0F3]
 04E  301D9                         CALL talkphonemePA6[1D9]
 04F  300F8                         CALL talkwordwatch[0F8]
 050  301D9                         CALL talkphonemePA6[1D9]
 051  3010E                         CALL talkwordgps[10E]
 052  301D9                         CALL talkphonemePA6[1D9]
 053  300FD                         CALL talkwordlimit[0FD]
 054  301D9                         CALL talkphonemePA6[1D9]
 055  30103                         CALL talkwordset[103]
 056  301D9                         CALL talkphonemePA6[1D9]
 057  30108                         CALL talkwordheading[108]
 058  301D9                         CALL talkphonemePA6[1D9]
 059  30116                         CALL talkwordno[116]
 05A  301D9                         CALL talkphonemePA6[1D9]
 05B  3011E                         CALL talkwordnorth[11E]
 05C  301D9                         CALL talkphonemePA6[1D9]
 05D  30122                         CALL talkwordsouth[122]
 05E  301D9                         CALL talkphonemePA6[1D9]
 05F  30128                         CALL talkwordeast[128]
 060  301D9                         CALL talkphonemePA6[1D9]
 061  3012D                         CALL talkwordwest[12D]
 062  301D9                         CALL talkphonemePA6[1D9]
 063  30133                         CALL talkwordposition[133]
 064  301D9                         CALL talkphonemePA6[1D9]
 065  34000                  loop2: JUMP cold_start[000]            ; loop forever
 066                                ;;============================================================================
 066                                ;; Test message and phoneme voicing subroutine.
 066                                ;;============================================================================
 066                     talkword0: 
 066  301CD                         CALL talkphonemeZZ[1CD]
 067  30175                         CALL talkphonemeEH[175]
 068  301AB                         CALL talkphonemeRR2[1AB]
 069  301A3                         CALL talkphonemeOW[1A3]
 06A  2A000                         RETURN
 06B                     talkword1: 
 06B  301C1                         CALL talkphonemeWW[1C1]
 06C  3015D                         CALL talkphonemeAO[15D]
 06D  3019D                         CALL talkphonemeNN1[19D]
 06E  2A000                         RETURN
 06F                     talkword2: 
 06F  301B5                         CALL talkphonemeTT2[1B5]
 070  301BB                         CALL talkphonemeUW2[1BB]
 071  2A000                         RETURN
 072                     talkword3: 
 072  301B1                         CALL talkphonemeTH[1B1]
 073  301AB                         CALL talkphonemeRR2[1AB]
 074  3018D                         CALL talkphonemeIY[18D]
 075  2A000                         RETURN
 076                     talkword4: 
 076  3017F                         CALL talkphonemeFF[17F]
 077  301A1                         CALL talkphonemeOR[1A1]
 078  2A000                         RETURN
 079                     talkword5: 
 079  3017F                         CALL talkphonemeFF[17F]
 07A  30165                         CALL talkphonemeAY[165]
 07B  301BD                         CALL talkphonemeVV[1BD]
 07C  2A000                         RETURN
 07D                     talkword6: 
 07D  301AF                         CALL talkphonemeSS[1AF]
 07E  3018B                         CALL talkphonemeIH[18B]
 07F  30193                         CALL talkphonemeKK2[193]
 080  301AF                         CALL talkphonemeSS[1AF]
 081  301AF                         CALL talkphonemeSS[1AF]
 082  2A000                         RETURN
 083                     talkword7: 
 083  301AF                         CALL talkphonemeSS[1AF]
 084  30175                         CALL talkphonemeEH[175]
 085  301BD                         CALL talkphonemeVV[1BD]
 086  30163                         CALL talkphonemeAX[163]
 087  3019D                         CALL talkphonemeNN1[19D]
 088  2A000                         RETURN
 089                     talkword8: 
 089  3017D                         CALL talkphonemeEY[17D]
 08A  301B3                         CALL talkphonemeTT1[1B3]
 08B  2A000                         RETURN
 08C                     talkword9: 
 08C  3019F                         CALL talkphonemeNN2[19F]
 08D  30165                         CALL talkphonemeAY[165]
 08E  3019D                         CALL talkphonemeNN1[19D]
 08F  2A000                         RETURN
 090                    talkword10: 
 090  301B5                         CALL talkphonemeTT2[1B5]
 091  30175                         CALL talkphonemeEH[175]
 092  3019D                         CALL talkphonemeNN1[19D]
 093  2A000                         RETURN
 094                    talkword11: 
 094  3018B                         CALL talkphonemeIH[18B]
 095  30197                         CALL talkphonemeLL[197]
 096  30175                         CALL talkphonemeEH[175]
 097  301BD                         CALL talkphonemeVV[1BD]
 098  30175                         CALL talkphonemeEH[175]
 099  3019D                         CALL talkphonemeNN1[19D]
 09A  2A000                         RETURN
 09B                    talkword12: 
 09B  301B5                         CALL talkphonemeTT2[1B5]
 09C  301C1                         CALL talkphonemeWW[1C1]
 09D  30175                         CALL talkphonemeEH[175]
 09E  30177                         CALL talkphonemeEL[177]
 09F  301BD                         CALL talkphonemeVV[1BD]
 0A0  2A000                         RETURN
 0A1                    talkword13: 
 0A1  301B1                         CALL talkphonemeTH[1B1]
 0A2  3017B                         CALL talkphonemeER2[17B]
 0A3                  talkwordteen: 
 0A3  301B5                         CALL talkphonemeTT2[1B5]
 0A4  3018D                         CALL talkphonemeIY[18D]
 0A5  3019D                         CALL talkphonemeNN1[19D]
 0A6  2A000                         RETURN
 0A7                    talkword14: 
 0A7  30076                         CALL talkword4[076]
 0A8  340A3                         JUMP talkwordteen[0A3]
 0A9                    talkword15: 
 0A9  3017F                         CALL talkphonemeFF[17F]
 0AA  3018B                         CALL talkphonemeIH[18B]
 0AB  3017F                         CALL talkphonemeFF[17F]
 0AC  340A3                         JUMP talkwordteen[0A3]
 0AD                    talkword16: 
 0AD  3007D                         CALL talkword6[07D]
 0AE  340A3                         JUMP talkwordteen[0A3]
 0AF                    talkword17: 
 0AF  30083                         CALL talkword7[083]
 0B0  340A3                         JUMP talkwordteen[0A3]
 0B1                    talkword18: 
 0B1  30089                         CALL talkword8[089]
 0B2  340A3                         JUMP talkwordteen[0A3]
 0B3                    talkword19: 
 0B3  3008C                         CALL talkword9[08C]
 0B4  340A3                         JUMP talkwordteen[0A3]
 0B5                    talkword20: 
 0B5  301B5                         CALL talkphonemeTT2[1B5]
 0B6  301C1                         CALL talkphonemeWW[1C1]
 0B7  30175                         CALL talkphonemeEH[175]
 0B8  3019D                         CALL talkphonemeNN1[19D]
 0B9                    talkwordty: 
 0B9  301B5                         CALL talkphonemeTT2[1B5]
 0BA  3018D                         CALL talkphonemeIY[18D]
 0BB  2A000                         RETURN
 0BC                    talkword30: 
 0BC  301B1                         CALL talkphonemeTH[1B1]
 0BD  30179                         CALL talkphonemeER1[179]
 0BE  340B9                         JUMP talkwordty[0B9]
 0BF                    talkword40: 
 0BF  30076                         CALL talkword4[076]
 0C0  340B9                         JUMP talkwordty[0B9]
 0C1                    talkword50: 
 0C1  3017F                         CALL talkphonemeFF[17F]
 0C2  3018B                         CALL talkphonemeIH[18B]
 0C3  3017F                         CALL talkphonemeFF[17F]
 0C4  340B9                         JUMP talkwordty[0B9]
 0C5                    talkword60: 
 0C5  3007D                         CALL talkword6[07D]
 0C6  340B9                         JUMP talkwordty[0B9]
 0C7                    talkword70: 
 0C7  30083                         CALL talkword7[083]
 0C8  340B9                         JUMP talkwordty[0B9]
 0C9                    talkword80: 
 0C9  30089                         CALL talkword8[089]
 0CA  340B9                         JUMP talkwordty[0B9]
 0CB                    talkword90: 
 0CB  3008C                         CALL talkword9[08C]
 0CC  340B9                         JUMP talkwordty[0B9]
 0CD               talkwordhundred: 
 0CD  30189                         CALL talkphonemeHH2[189]
 0CE  30163                         CALL talkphonemeAX[163]
 0CF  3019D                         CALL talkphonemeNN1[19D]
 0D0  3016F                         CALL talkphonemeDD2[16F]
 0D1  301AB                         CALL talkphonemeRR2[1AB]
 0D2  3016D                         CALL talkphonemeDD1[16D]
 0D3  2A000                         RETURN
 0D4                 talkworddepth: 
 0D4  3016F                         CALL talkphonemeDD2[16F]
 0D5  30175                         CALL talkphonemeEH[175]
 0D6  30175                         CALL talkphonemeEH[175]
 0D7  301A7                         CALL talkphonemePP[1A7]
 0D8  301B1                         CALL talkphonemeTH[1B1]
 0D9  3413A                         JUMP endword[13A]
 0DA                 talkwordpoint: 
 0DA  301A7                         CALL talkphonemePP[1A7]
 0DB  301A5                         CALL talkphonemeOY[1A5]
 0DC  301B3                         CALL talkphonemeTT1[1B3]
 0DD  3413A                         JUMP endword[13A]
 0DE                talkwordanchor: 
 0DE  3017D                         CALL talkphonemeEY[17D]
 0DF  30195                         CALL talkphonemeKK3[195]
 0E0  3015B                         CALL talkphonemeAE[15B]
 0E1  3413A                         JUMP endword[13A]
 0E2                 talkwordalarm: 
 0E2  3015B                         CALL talkphonemeAE[15B]
 0E3  30197                         CALL talkphonemeLL[197]
 0E4  3015F                         CALL talkphonemeAR[15F]
 0E5  30199                         CALL talkphonemeMM[199]
 0E6  3413A                         JUMP endword[13A]
 0E7                    talkwordon: 
 0E7  3015D                         CALL talkphonemeAO[15D]
 0E8  3019B                         CALL talkphonemeNG[19B]
 0E9  3413A                         JUMP endword[13A]
 0EA                   talkwordoff: 
 0EA  3015D                         CALL talkphonemeAO[15D]
 0EB  3017F                         CALL talkphonemeFF[17F]
 0EC  3017F                         CALL talkphonemeFF[17F]
 0ED  3413A                         JUMP endword[13A]
 0EE               talkwordshallow: 
 0EE  301AD                         CALL talkphonemeSH[1AD]
 0EF  3015B                         CALL talkphonemeAE[15B]
 0F0  30197                         CALL talkphonemeLL[197]
 0F1  301A3                         CALL talkphonemeOW[1A3]
 0F2  3413A                         JUMP endword[13A]
 0F3                   talkwordand: 
 0F3  3018B                         CALL talkphonemeIH[18B]
 0F4  3018B                         CALL talkphonemeIH[18B]
 0F5  3019D                         CALL talkphonemeNN1[19D]
 0F6  3016F                         CALL talkphonemeDD2[16F]
 0F7  3413A                         JUMP endword[13A]
 0F8                 talkwordwatch: 
 0F8  301C1                         CALL talkphonemeWW[1C1]
 0F9  3015D                         CALL talkphonemeAO[15D]
 0FA  301B3                         CALL talkphonemeTT1[1B3]
 0FB  3016B                         CALL talkphonemeCH[16B]
 0FC  3413A                         JUMP endword[13A]
 0FD                 talkwordlimit: 
 0FD  30197                         CALL talkphonemeLL[197]
 0FE  3018B                         CALL talkphonemeIH[18B]
 0FF  30199                         CALL talkphonemeMM[199]
 100  3018B                         CALL talkphonemeIH[18B]
 101  301B3                         CALL talkphonemeTT1[1B3]
 102  3413A                         JUMP endword[13A]
 103                   talkwordset: 
 103  301AF                         CALL talkphonemeSS[1AF]
 104  301AF                         CALL talkphonemeSS[1AF]
 105  30175                         CALL talkphonemeEH[175]
 106  301B5                         CALL talkphonemeTT2[1B5]
 107  3413A                         JUMP endword[13A]
 108               talkwordheading: 
 108  30187                         CALL talkphonemeHH1[187]
 109  30175                         CALL talkphonemeEH[175]
 10A  3016F                         CALL talkphonemeDD2[16F]
 10B  3018B                         CALL talkphonemeIH[18B]
 10C  3019B                         CALL talkphonemeNG[19B]
 10D  3413A                         JUMP endword[13A]
 10E                   talkwordgps: 
 10E  3018F                         CALL talkphonemeJH[18F]
 10F  3018D                         CALL talkphonemeIY[18D]
 110  301A7                         CALL talkphonemePP[1A7]
 111  3018D                         CALL talkphonemeIY[18D]
 112  30175                         CALL talkphonemeEH[175]
 113  301AF                         CALL talkphonemeSS[1AF]
 114  301AF                         CALL talkphonemeSS[1AF]
 115  3413A                         JUMP endword[13A]
 116                    talkwordno: 
 116  3019F                         CALL talkphonemeNN2[19F]
 117  301A3                         CALL talkphonemeOW[1A3]
 118  3413A                         JUMP endword[13A]
 119                  talkworddata: 
 119  3016F                         CALL talkphonemeDD2[16F]
 11A  3017D                         CALL talkphonemeEY[17D]
 11B  301B5                         CALL talkphonemeTT2[1B5]
 11C  30163                         CALL talkphonemeAX[163]
 11D  3413A                         JUMP endword[13A]
 11E                 talkwordnorth: 
 11E  3019F                         CALL talkphonemeNN2[19F]
 11F  301A1                         CALL talkphonemeOR[1A1]
 120  30187                         CALL talkphonemeHH1[187]
 121  3413A                         JUMP endword[13A]
 122                 talkwordsouth: 
 122  301AF                         CALL talkphonemeSS[1AF]
 123  301AF                         CALL talkphonemeSS[1AF]
 124  30161                         CALL talkphonemeAW[161]
 125  301B1                         CALL talkphonemeTH[1B1]
 126  301B1                         CALL talkphonemeTH[1B1]
 127  3413A                         JUMP endword[13A]
 128                  talkwordeast: 
 128  3018D                         CALL talkphonemeIY[18D]
 129  301AF                         CALL talkphonemeSS[1AF]
 12A  301AF                         CALL talkphonemeSS[1AF]
 12B  301B5                         CALL talkphonemeTT2[1B5]
 12C  3413A                         JUMP endword[13A]
 12D                  talkwordwest: 
 12D  301C1                         CALL talkphonemeWW[1C1]
 12E  30175                         CALL talkphonemeEH[175]
 12F  301AF                         CALL talkphonemeSS[1AF]
 130  301AF                         CALL talkphonemeSS[1AF]
 131  301B5                         CALL talkphonemeTT2[1B5]
 132  3413A                         JUMP endword[13A]
 133              talkwordposition: 
 133  301A7                         CALL talkphonemePP[1A7]
 134  3018B                         CALL talkphonemeIH[18B]
 135  301CD                         CALL talkphonemeZZ[1CD]
 136  3018B                         CALL talkphonemeIH[18B]
 137  301AD                         CALL talkphonemeSH[1AD]
 138  3019D                         CALL talkphonemeNN1[19D]
 139  3413A                         JUMP endword[13A]
 13A                       endword: 
 13A  301D7                         CALL talkphonemePA5[1D7]
 13B  2A000                         RETURN
 13C         i_hate_covid_nineteen: 
 13C                                ;make sure to complete this subroutine so that the syntheizer says "I Hate COVID 19"
 13C  30159                         CALL talkphonemeAA[159]         ;I
 13D  30165                         CALL talkphonemeAY[165]
 13E  301D3                         CALL talkphonemePA3[1D3]
 13F  30187                         CALL talkphonemeHH1[187]        ;hate
 140  3017D                         CALL talkphonemeEY[17D]
 141  301D1                         CALL talkphonemePA2[1D1]
 142  301D3                         CALL talkphonemePA3[1D3]
 143  301B3                         CALL talkphonemeTT1[1B3]
 144  301D3                         CALL talkphonemePA3[1D3]
 145  30195                         CALL talkphonemeKK3[195]        ;covid
 146  301BB                         CALL talkphonemeUW2[1BB]
 147  301D3                         CALL talkphonemePA3[1D3]
 148  301BD                         CALL talkphonemeVV[1BD]
 149  3018B                         CALL talkphonemeIH[18B]
 14A  301D1                         CALL talkphonemePA2[1D1]
 14B  3016D                         CALL talkphonemeDD1[16D]
 14C  301D3                         CALL talkphonemePA3[1D3]
 14D  3019D                         CALL talkphonemeNN1[19D]        ;nineteen
 14E  30165                         CALL talkphonemeAY[165]
 14F  3019D                         CALL talkphonemeNN1[19D]
 150  301D1                         CALL talkphonemePA2[1D1]
 151  301D3                         CALL talkphonemePA3[1D3]
 152  301B5                         CALL talkphonemeTT2[1B5]
 153  3018D                         CALL talkphonemeIY[18D]
 154  3019D                         CALL talkphonemeNN1[19D]
 155  3413A                         JUMP endword[13A]
 156  2A000                         RETURN
 157                   say_phoneme: 
 157                                ;make sure  to complete this subroutine in order for the synthesizer to work
 157  2C080                         OUTPUT s0, select[80]
 158  2A000                         RETURN
 159                 talkphonemeAA: ; hOt
 159  00018                         LOAD s0, phoneme_AA[18]         ; can be doubled
 15A  34157                         JUMP say_phoneme[157]
 15B                 talkphonemeAE: ; hAt
 15B  0001A                         LOAD s0, phoneme_AE[1A]         ; can be doubled
 15C  34157                         JUMP say_phoneme[157]
 15D                 talkphonemeAO: ; AUght
 15D  00017                         LOAD s0, phoneme_AO[17]         ; can be doubled
 15E  34157                         JUMP say_phoneme[157]
 15F                 talkphonemeAR: ; alARm
 15F  0003B                         LOAD s0, phoneme_AR[3B]
 160  34157                         JUMP say_phoneme[157]
 161                 talkphonemeAW: ; dOWn
 161  00020                         LOAD s0, phoneme_AW[20]
 162  34157                         JUMP say_phoneme[157]
 163                 talkphonemeAX: ; sUceed
 163  0000F                         LOAD s0, phoneme_AX[0F]         ; can be doubled
 164  34157                         JUMP say_phoneme[157]
 165                 talkphonemeAY: ; kIte
 165  00006                         LOAD s0, phoneme_AY[06]
 166  34157                         JUMP say_phoneme[157]
 167                talkphonemeBB1: ; riB
 167  0001C                         LOAD s0, phoneme_BB1[1C]        ; usually preceed with 10-30 mS silence
 168  34157                         JUMP say_phoneme[157]
 169                talkphonemeBB2: ; Beast
 169  0003F                         LOAD s0, phoneme_BB2[3F]        ; usually preceed with 10-30 mS silence
 16A  34157                         JUMP say_phoneme[157]
 16B                 talkphonemeCH: ; CHurCH
 16B  00032                         LOAD s0, phoneme_CH[32]
 16C  34157                         JUMP say_phoneme[157]
 16D                talkphonemeDD1: ; enD
 16D  00015                         LOAD s0, phoneme_DD1[15]        ; usually preceed with 10-30 mS silence
 16E  34157                         JUMP say_phoneme[157]
 16F                talkphonemeDD2: ; Down
 16F  00021                         LOAD s0, phoneme_DD2[21]        ; usually preceed with 10-30 mS silence
 170  34157                         JUMP say_phoneme[157]
 171                talkphonemeDH1: ; THis
 171  00012                         LOAD s0, phoneme_DH1[12]
 172  34157                         JUMP say_phoneme[157]
 173                talkphonemeDH2: ; baTHe
 173  00036                         LOAD s0, phoneme_DH2[36]
 174  34157                         JUMP say_phoneme[157]
 175                 talkphonemeEH: ; End
 175  00007                         LOAD s0, phoneme_EH[07]         ; can be doubled
 176  34157                         JUMP say_phoneme[157]
 177                 talkphonemeEL: ; angLE
 177  0003E                         LOAD s0, phoneme_EL[3E]
 178  34157                         JUMP say_phoneme[157]
 179                talkphonemeER1: ; lettER
 179  00033                         LOAD s0, phoneme_ER1[33]
 17A  34157                         JUMP say_phoneme[157]
 17B                talkphonemeER2: ; fERn
 17B  00034                         LOAD s0, phoneme_ER2[34]
 17C  34157                         JUMP say_phoneme[157]
 17D                 talkphonemeEY: ; trAY
 17D  00014                         LOAD s0, phoneme_EY[14]
 17E  34157                         JUMP say_phoneme[157]
 17F                 talkphonemeFF: ; Food
 17F  00028                         LOAD s0, phoneme_FF[28]         ; usually double for initial
 180  34157                         JUMP say_phoneme[157]
 181                talkphonemeGG1: ; Guest
 181  00024                         LOAD s0, phoneme_GG1[24]        ; usually preceed with 10-30 mS silence
 182  34157                         JUMP say_phoneme[157]
 183                talkphonemeGG2: ; Got
 183  0003D                         LOAD s0, phoneme_GG2[3D]        ; usually preceed with 10-30 mS silence
 184  34157                         JUMP say_phoneme[157]
 185                talkphonemeGG3: ; peG
 185  00022                         LOAD s0, phoneme_GG3[22]        ; usually preceed with 10-30 mS silence
 186  34157                         JUMP say_phoneme[157]
 187                talkphonemeHH1: ; He
 187  0001B                         LOAD s0, phoneme_HH1[1B]        ; usually double for initial
 188  34157                         JUMP say_phoneme[157]
 189                talkphonemeHH2: ; Hoe
 189  00039                         LOAD s0, phoneme_HH2[39]        ; usually double for initial
 18A  34157                         JUMP say_phoneme[157]
 18B                 talkphonemeIH: ; sIt
 18B  0000C                         LOAD s0, phoneme_IH[0C]         ; can be doubled
 18C  34157                         JUMP say_phoneme[157]
 18D                 talkphonemeIY: ; sEE
 18D  00013                         LOAD s0, phoneme_IY[13]
 18E  34157                         JUMP say_phoneme[157]
 18F                 talkphonemeJH: ; JudGe
 18F  0000A                         LOAD s0, phoneme_JH[0A]
 190  34157                         JUMP say_phoneme[157]
 191                talkphonemeKK1: ; Can't
 191  0002A                         LOAD s0, phoneme_KK1[2A]        ; usually preceed with 50-80 mS silence
 192  34157                         JUMP say_phoneme[157]
 193                talkphonemeKK2: ; speaK
 193  00029                         LOAD s0, phoneme_KK2[29]        ; usually preceed with 50-80 mS silence
 194  34157                         JUMP say_phoneme[157]
 195                talkphonemeKK3: ; Crane
 195  00008                         LOAD s0, phoneme_KK3[08]        ; usually preceed with 50-80 mS silence
 196  34157                         JUMP say_phoneme[157]
 197                 talkphonemeLL: ; Like
 197  0002D                         LOAD s0, phoneme_LL[2D]
 198  34157                         JUMP say_phoneme[157]
 199                 talkphonemeMM: ; Milk
 199  00010                         LOAD s0, phoneme_MM[10]
 19A  34157                         JUMP say_phoneme[157]
 19B                 talkphonemeNG: ; aNGer
 19B  0002C                         LOAD s0, phoneme_NG[2C]
 19C  34157                         JUMP say_phoneme[157]
 19D                talkphonemeNN1: ; thiN
 19D  0000B                         LOAD s0, phoneme_NN1[0B]
 19E  34157                         JUMP say_phoneme[157]
 19F                talkphonemeNN2: ; No
 19F  00038                         LOAD s0, phoneme_NN2[38]
 1A0  34157                         JUMP say_phoneme[157]
 1A1                 talkphonemeOR: ; fORtune
 1A1  0003A                         LOAD s0, phoneme_OR[3A]
 1A2  34157                         JUMP say_phoneme[157]
 1A3                 talkphonemeOW: ; zOne
 1A3  00035                         LOAD s0, phoneme_OW[35]
 1A4  34157                         JUMP say_phoneme[157]
 1A5                 talkphonemeOY: ; vOIce
 1A5  00005                         LOAD s0, phoneme_OY[05]
 1A6  34157                         JUMP say_phoneme[157]
 1A7                 talkphonemePP: ; Pow
 1A7  00009                         LOAD s0, phoneme_PP[09]         ; usually preceed with 50-80 mS silence
 1A8  34157                         JUMP say_phoneme[157]
 1A9                talkphonemeRR1: ; Read
 1A9  0000E                         LOAD s0, phoneme_RR1[0E]
 1AA  34157                         JUMP say_phoneme[157]
 1AB                talkphonemeRR2: ; cRane
 1AB  00027                         LOAD s0, phoneme_RR2[27]
 1AC  34157                         JUMP say_phoneme[157]
 1AD                 talkphonemeSH: ; SHip
 1AD  00025                         LOAD s0, phoneme_SH[25]         ; usually double for initial
 1AE  34157                         JUMP say_phoneme[157]
 1AF                 talkphonemeSS: ; veSt
 1AF  00037                         LOAD s0, phoneme_SS[37]         ; usually double for initial
 1B0  34157                         JUMP say_phoneme[157]
 1B1                 talkphonemeTH: ; THin
 1B1  0001D                         LOAD s0, phoneme_TH[1D]         ; usually double for initial
 1B2  34157                         JUMP say_phoneme[157]
 1B3                talkphonemeTT1: ; parTs
 1B3  00011                         LOAD s0, phoneme_TT1[11]        ; usually preceed with 50-80 mS silence
 1B4  34157                         JUMP say_phoneme[157]
 1B5                talkphonemeTT2: ; To
 1B5  0000D                         LOAD s0, phoneme_TT2[0D]        ; usually preceed with 50-80 mS silence
 1B6  34157                         JUMP say_phoneme[157]
 1B7                 talkphonemeUH: ; bOOk
 1B7  0001E                         LOAD s0, phoneme_UH[1E]         ; may be doubled
 1B8  34157                         JUMP say_phoneme[157]
 1B9                talkphonemeUW1: ; tO
 1B9  00016                         LOAD s0, phoneme_UW1[16]
 1BA  34157                         JUMP say_phoneme[157]
 1BB                talkphonemeUW2: ; fOOd
 1BB  0001F                         LOAD s0, phoneme_UW2[1F]
 1BC  34157                         JUMP say_phoneme[157]
 1BD                 talkphonemeVV: ; Vest
 1BD  00023                         LOAD s0, phoneme_VV[23]
 1BE  34157                         JUMP say_phoneme[157]
 1BF                 talkphonemeWH: ; WHig
 1BF  00030                         LOAD s0, phoneme_WH[30]         ; usually double for initial
 1C0  34157                         JUMP say_phoneme[157]
 1C1                 talkphonemeWW: ; We
 1C1  0002E                         LOAD s0, phoneme_WW[2E]
 1C2  34157                         JUMP say_phoneme[157]
 1C3                 talkphonemeXR: ; stARs
 1C3  0002F                         LOAD s0, phoneme_XR[2F]
 1C4  34157                         JUMP say_phoneme[157]
 1C5                 talkphonemeYR: ; hEAr
 1C5  0003C                         LOAD s0, phoneme_YR[3C]
 1C6  34157                         JUMP say_phoneme[157]
 1C7                talkphonemeYY1: ; cUte
 1C7  00031                         LOAD s0, phoneme_YY1[31]
 1C8  34157                         JUMP say_phoneme[157]
 1C9                talkphonemeYY2: ; Yes
 1C9  00019                         LOAD s0, phoneme_YY2[19]
 1CA  34157                         JUMP say_phoneme[157]
 1CB                 talkphonemeZH: ; pleaSure
 1CB  00026                         LOAD s0, phoneme_ZH[26]
 1CC  34157                         JUMP say_phoneme[157]
 1CD                 talkphonemeZZ: ; Zoo
 1CD  0002B                         LOAD s0, phoneme_ZZ[2B]
 1CE  34157                         JUMP say_phoneme[157]
 1CF                talkphonemePA1: ; 10 mS silence
 1CF  00000                         LOAD s0, phoneme_PA1[00]
 1D0  34157                         JUMP say_phoneme[157]
 1D1                talkphonemePA2: ; 30 mS silence
 1D1  00001                         LOAD s0, phoneme_PA2[01]
 1D2  34157                         JUMP say_phoneme[157]
 1D3                talkphonemePA3: ; 50 mS silence
 1D3  00002                         LOAD s0, phoneme_PA3[02]
 1D4  34157                         JUMP say_phoneme[157]
 1D5                talkphonemePA4: ; 100 mS silence
 1D5  00003                         LOAD s0, phoneme_PA4[03]
 1D6  34157                         JUMP say_phoneme[157]
 1D7                talkphonemePA5: ; 200 mS silence
 1D7  00004                         LOAD s0, phoneme_PA5[04]
 1D8  34157                         JUMP say_phoneme[157]
 1D9                talkphonemePA6: ; 500 mS silence
 1D9  301D7                         CALL talkphonemePA5[1D7]
 1DA  301D7                         CALL talkphonemePA5[1D7]
 1DB  301D5                         CALL talkphonemePA4[1D5]
 1DC  34157                         JUMP say_phoneme[157]
